[2025-06-16T21:06:20.437+0000] {taskinstance.py:1956} INFO - Dependencies all met for dep_context=non-requeueable deps ti=<TaskInstance: duckdb__scraping__property.parse_jsonl_and_write_to_duckdb_task manual__2025-06-16T21:06:19.493741+00:00 [queued]>
[2025-06-16T21:06:20.443+0000] {taskinstance.py:1956} INFO - Dependencies all met for dep_context=requeueable deps ti=<TaskInstance: duckdb__scraping__property.parse_jsonl_and_write_to_duckdb_task manual__2025-06-16T21:06:19.493741+00:00 [queued]>
[2025-06-16T21:06:20.443+0000] {taskinstance.py:2170} INFO - Starting attempt 1 of 1
[2025-06-16T21:06:20.450+0000] {taskinstance.py:2191} INFO - Executing <Task(PythonOperator): parse_jsonl_and_write_to_duckdb_task> on 2025-06-16 21:06:19.493741+00:00
[2025-06-16T21:06:20.455+0000] {standard_task_runner.py:60} INFO - Started process 872 to run task
[2025-06-16T21:06:20.462+0000] {standard_task_runner.py:87} INFO - Running: ['***', 'tasks', 'run', 'duckdb__scraping__property', 'parse_jsonl_and_write_to_duckdb_task', 'manual__2025-06-16T21:06:19.493741+00:00', '--job-id', '45', '--raw', '--subdir', 'DAGS_FOLDER/duckdb__scraping__property.py', '--cfg-path', '/tmp/tmpvo_zocxa']
[2025-06-16T21:06:20.463+0000] {standard_task_runner.py:88} INFO - Job 45: Subtask parse_jsonl_and_write_to_duckdb_task
[2025-06-16T21:06:20.479+0000] {logging_mixin.py:188} WARNING - /home/***/.local/lib/python3.10/site-packages/***/settings.py:194 DeprecationWarning: The sql_alchemy_conn option in [core] has been moved to the sql_alchemy_conn option in [database] - the old setting has been used, but please update your config.
[2025-06-16T21:06:20.510+0000] {task_command.py:423} INFO - Running <TaskInstance: duckdb__scraping__property.parse_jsonl_and_write_to_duckdb_task manual__2025-06-16T21:06:19.493741+00:00 [running]> on host cd2024da3a1f
[2025-06-16T21:06:20.560+0000] {taskinstance.py:2480} INFO - Exporting env vars: AIRFLOW_CTX_DAG_OWNER='***' AIRFLOW_CTX_DAG_ID='duckdb__scraping__property' AIRFLOW_CTX_TASK_ID='parse_jsonl_and_write_to_duckdb_task' AIRFLOW_CTX_EXECUTION_DATE='2025-06-16T21:06:19.493741+00:00' AIRFLOW_CTX_TRY_NUMBER='1' AIRFLOW_CTX_DAG_RUN_ID='manual__2025-06-16T21:06:19.493741+00:00'
[2025-06-16T21:06:20.563+0000] {duckdb__scraping__property.py:100} INFO - Reading data from file: /opt/airflow/dags/data/input/scraping_data.jsonl
[2025-06-16T21:06:20.580+0000] {duckdb__scraping__property.py:111} INFO - Total rows read from JSONL file: 207
[2025-06-16T21:06:20.611+0000] {duckdb__scraping__property.py:125} INFO - Total rows currently in 'properties' table before insertion: 129
[2025-06-16T21:06:21.136+0000] {duckdb__scraping__property.py:128} INFO - Rows inserted: 129
[2025-06-16T21:06:21.139+0000] {logging_mixin.py:188} INFO - 
Sample rows from DuckDB table:
[2025-06-16T21:06:21.141+0000] {logging_mixin.py:188} INFO - | id       | scraping_date   | property_type   | municipality     |          price |   living_area |   price_per_square_meter |
|:---------|:----------------|:----------------|:-----------------|---------------:|--------------:|-------------------------:|
| 0000a4fb | 2021-02-17      | apartment       | Solothurn        | 530000         |            84 |                  6309.52 |
| 000640ca | 2022-11-24      | apartment       | Volketswil       |      1.573e+06 |           182 |                  8642.86 |
| 00093b3b | 2022-12-21      | house           | Meisterschwanden |      1.19e+06  |           166 |                  7168.67 |
| 000c44d2 | 2023-08-07      | apartment       | Le Sentier       | 374000         |            62 |                  6032.26 |
| 002a329a | 2022-04-17      | house           | Roches           | 884000         |           589 |                  1500.85 |
| 00370535 | 2020-12-12      | apartment       | Hérémence        | 180000         |           143 |                  1258.74 |
| 00546d40 | 2022-05-23      | apartment       | Troistorrents    | 428000         |            97 |                  4412.37 |
| 005ab9e3 | 2021-02-09      | house           | Morens           | 895000         |           174 |                  5143.68 |
| 0064e0f8 | 2020-05-21      | house           | Muttenz          |      1.73e+06  |           209 |                  8277.51 |
| 00842931 | 2020-03-08      | apartment       | Ruschein         | 560000         |           107 |                  5233.64 |
[2025-06-16T21:06:21.156+0000] {python.py:201} INFO - Done. Returned value was: None
[2025-06-16T21:06:21.163+0000] {taskinstance.py:1138} INFO - Marking task as SUCCESS. dag_id=duckdb__scraping__property, task_id=parse_jsonl_and_write_to_duckdb_task, execution_date=20250616T210619, start_date=20250616T210620, end_date=20250616T210621
[2025-06-16T21:06:21.212+0000] {local_task_job_runner.py:234} INFO - Task exited with return code 0
[2025-06-16T21:06:21.224+0000] {taskinstance.py:3280} INFO - 0 downstream tasks scheduled from follow-on schedule check
